
./appendstring.c

./window_new.c
./window_reset.c
./window_write.c
./window_clear.c
./window_close.c

./draw_mode.c
./draw_pattern.c
./draw_intensity.c

./draw_rel.c
./draw_ofs.c
./draw_abs.c

./draw_pixel_rel.c
./draw_unpixel_rel.c
./draw_pixel_abs.c
./draw_unpixel_abs.c

./draw_line_rel.c
./draw_unline_rel.c
./draw_line_abs.c
./draw_unline_abs.c

./draw_box.c
./draw_unbox.c
./draw_box_fill.c
./draw_unbox_fill.c

./draw_circle.c
./draw_uncircle.c
./draw_circle_fill.c
./draw_uncircle_fill.c

./draw_arc.c
./draw_unarc.c

./draw_text.c
./draw_free.c
