./LCD_BacklightConf.c
./LCD_CharGotoXY.c
./LCD_CleanAll.c
./LCD_ContrastConf.c
./LCD_CursorConf.c
./LCD_CursorGotoXY.c
./LCD_Data.c
./LCD_DeviceAddrEdit.c
./LCD_DispCharAt.c
./LCD_DisplayConf.c
./LCD_DispStringAt.c
./LCD_DrawCircleAt.c
./LCD_DrawDotAt.c
./LCD_DrawFullScreen.c
./LCD_DrawHLineAt.c
./LCD_DrawLineAt.c
./LCD_DrawRectangleAt.c
./LCD_DrawScreenAreaAt.c
./LCD_DrawVLineAt.c
./LCD_FontModeConf.c
./LCD_Init.c
./LCD_ReadByteDispRAM.c
./LCD_ReadByteFromReg.c
./LCD_ReadSeriesDispRAM.c
./LCD_ReadSeriesFromReg.c
./LCD_WorkingModeConf.c
./LCD_WriteByteDispRAM.c
./LCD_WriteByteToReg.c
./LCD_WriteSeriesDispRAM.c
./LCD_WriteSeriesToReg.c
