./__ffstore.c
./__ffunicodestore.c
./ffsystem.c
./ffunicode.c
./ffprivate.c

./f_open.c
./f_close.c
./f_read.c
./f_write.c
./f_lseek.c
./f_truncate.c
./f_sync.c
./f_opendir.c
./f_closedir.c
./f_readdir.c
./f_findfirst.c
./f_findnext.c
./f_mkdir.c
./f_unlink.c
./f_rename.c
./f_stat.c
./f_chmod.c
./f_utime.c
./f_chdir.c
./f_chdrive.c
./f_getcwd.c
./f_getfree.c
./f_getlabel.c
./f_setlabel.c
./f_forward.c
./f_expand.c
./f_mount.c
./f_mkfs.c
./f_fdisk.c
./f_setcp.c

./f_putc.c
./f_puts.c
./f_printf.c
./f_gets.c

