./asc_store.c
./asctime.c
./asctime_r.c
./ctime.c
./ctime_r.c
./daylight_seconds.c
./difftime.c
./dst_pointer.c
./equation_of_time.c
./fatfs_time.c
./geo_location.c
./gm_sidereal.c
./gmtime.c
./gmtime_r.c
./isLeap.c
./isotime.c
./isotime_r.c
./iso_week_date.c
./iso_week_date_r.c
./lm_sidereal.c
./localtime.c
./localtime_r.c
./mk_gmtime.c
./mktime.c
./month_length.c
./moon_phase.c
./print_lz.c
./set_dst.c
./set_position.c
./set_system_time.c
./set_zone.c
./solar_declination.c
./solar_noon.c
./strftime.c
./sun_rise.c
./sun_set.c
./time.c
./tm_store.c
./utc_offset.c
./week_of_month.c
./week_of_year.c
